<?xml version="1.0" encoding="UTF-8"?>
<!-- Generated by org.testng.reporters.JUnitReportReporter -->
<testsuite hostname="LAPTOP-AQ262HKC" failures="0" tests="2" name="DemoProject.E2EProjectSelenium.HomePage" time="35.180" errors="0" timestamp="2022-07-11T22:39:04 IST" skipped="0">
  <testcase classname="DemoProject.E2EProjectSelenium.HomePage" name="homePageNavigation" time="17.959"/>
  <system-out/>
  <testcase classname="DemoProject.E2EProjectSelenium.HomePage" name="homePageNavigation" time="17.221"/>
  <system-out/>
</testsuite> <!-- DemoProject.E2EProjectSelenium.HomePage -->
