<?xml version="1.0" encoding="UTF-8"?>
<!-- Generated by org.testng.reporters.JUnitReportReporter -->
<testsuite hostname="LAPTOP-AQ262HKC" failures="0" tests="1" name="DemoProject.E2EProjectSelenium.validateNavBar" time="0.046" errors="0" timestamp="2022-07-17T13:36:47 IST" skipped="0">
  <testcase classname="DemoProject.E2EProjectSelenium.validateNavBar" name="validateNavIsDisplayed" time="0.046"/>
  <system-out/>
</testsuite> <!-- DemoProject.E2EProjectSelenium.validateNavBar -->
